<?xml version="1.0" encoding="UTF-8" ?>
<testsuite failures="0" time="0.001" errors="0" skipped="0" tests="2" name="com.etala.tr.DistributedFileProcessor.Output.DataLoadDistributorTest">
  <properties>
    <property name="java.runtime.name" value="Java(TM) SE Runtime Environment"/>
    <property name="sun.boot.library.path" value="C:\Program Files\Java\jdk1.6.0_35\jre\bin"/>
    <property name="java.vm.version" value="20.10-b01"/>
    <property name="java.vm.vendor" value="Sun Microsystems Inc."/>
    <property name="java.vendor.url" value="http://java.sun.com/"/>
    <property name="path.separator" value=";"/>
    <property name="guice.disable.misplaced.annotation.check" value="true"/>
    <property name="java.vm.name" value="Java HotSpot(TM) 64-Bit Server VM"/>
    <property name="file.encoding.pkg" value="sun.io"/>
    <property name="user.country" value="GB"/>
    <property name="sun.java.launcher" value="SUN_STANDARD"/>
    <property name="sun.os.patch.level" value="Service Pack 1"/>
    <property name="java.vm.specification.name" value="Java Virtual Machine Specification"/>
    <property name="user.dir" value="C:\Users\Maria\Documents\GitHub\lyrebird-iron-blue\File\DistributedFileProcessor"/>
    <property name="java.runtime.version" value="1.6.0_35-b10"/>
    <property name="java.awt.graphicsenv" value="sun.awt.Win32GraphicsEnvironment"/>
    <property name="java.endorsed.dirs" value="C:\Program Files\Java\jdk1.6.0_35\jre\lib\endorsed"/>
    <property name="os.arch" value="amd64"/>
    <property name="java.io.tmpdir" value="C:\Users\Maria\AppData\Local\Temp\"/>
    <property name="line.separator" value="
"/>
    <property name="java.vm.specification.vendor" value="Sun Microsystems Inc."/>
    <property name="user.variant" value=""/>
    <property name="os.name" value="Windows 7"/>
    <property name="classworlds.conf" value="C:\v2-workspace\.metadata\.plugins\org.eclipse.m2e.core\launches\m2conf6925519633858954269.tmp"/>
    <property name="sun.jnu.encoding" value="Cp1252"/>
    <property name="java.library.path" value="C:\Program Files\Java\jdk1.6.0_35\bin;C:\Windows\Sun\Java\bin;C:\Windows\system32;C:\Windows;C:\Windows\system32;C:\Windows;C:\Windows\System32\Wbem;C:\Windows\System32\WindowsPowerShell\v1.0\;C:\Program Files\Intel\DMIX;C:\Program Files (x86)\ATI Technologies\ATI.ACE\Core-Static;C:\Program Files\Java\jdk1.6.0_35\bin;C:\apache-libs\apache-maven-3.0.4\bin;C:\apache-libs\apache-maven-3.0.4\bin;C:\Ruby187\bin;C:\library\gradle-1.3\bin;C:\Program Files (x86)\Git\bin;C:\Ruby187\bin;C:\Program Files (x86)\Git\bin;."/>
    <property name="java.specification.name" value="Java Platform API Specification"/>
    <property name="java.class.version" value="50.0"/>
    <property name="sun.management.compiler" value="HotSpot 64-Bit Tiered Compilers"/>
    <property name="os.version" value="6.1"/>
    <property name="user.home" value="C:\Users\Maria"/>
    <property name="user.timezone" value="Europe/London"/>
    <property name="java.awt.printerjob" value="sun.awt.windows.WPrinterJob"/>
    <property name="file.encoding" value="Cp1252"/>
    <property name="java.specification.version" value="1.6"/>
    <property name="user.name" value="Maria"/>
    <property name="java.class.path" value="/C:/eclipse-jee-juno/configuration/org.eclipse.osgi/bundles/822/1/.cp/jars/plexus-classworlds-2.4.jar"/>
    <property name="java.vm.specification.version" value="1.0"/>
    <property name="sun.arch.data.model" value="64"/>
    <property name="java.home" value="C:\Program Files\Java\jdk1.6.0_35\jre"/>
    <property name="sun.java.command" value="org.codehaus.plexus.classworlds.launcher.Launcher -B -X -e -s C:\Users\Maria\.m2\settings.xml clean install"/>
    <property name="java.specification.vendor" value="Sun Microsystems Inc."/>
    <property name="user.language" value="en"/>
    <property name="awt.toolkit" value="sun.awt.windows.WToolkit"/>
    <property name="java.vm.info" value="mixed mode"/>
    <property name="java.version" value="1.6.0_35"/>
    <property name="java.ext.dirs" value="C:\Program Files\Java\jdk1.6.0_35\jre\lib\ext;C:\Windows\Sun\Java\lib\ext"/>
    <property name="sun.boot.class.path" value="C:\Program Files\Java\jdk1.6.0_35\jre\lib\resources.jar;C:\Program Files\Java\jdk1.6.0_35\jre\lib\rt.jar;C:\Program Files\Java\jdk1.6.0_35\jre\lib\sunrsasign.jar;C:\Program Files\Java\jdk1.6.0_35\jre\lib\jsse.jar;C:\Program Files\Java\jdk1.6.0_35\jre\lib\jce.jar;C:\Program Files\Java\jdk1.6.0_35\jre\lib\charsets.jar;C:\Program Files\Java\jdk1.6.0_35\jre\lib\modules\jdk.boot.jar;C:\Program Files\Java\jdk1.6.0_35\jre\classes"/>
    <property name="java.vendor" value="Sun Microsystems Inc."/>
    <property name="maven.home" value="C:\Users\Maria\Documents\GitHub\lyrebird-iron-blue\File\DistributedFileProcessor\EMBEDDED"/>
    <property name="file.separator" value="\"/>
    <property name="java.vendor.url.bug" value="http://java.sun.com/cgi-bin/bugreport.cgi"/>
    <property name="sun.cpu.endian" value="little"/>
    <property name="sun.io.unicode.encoding" value="UnicodeLittle"/>
    <property name="sun.desktop" value="windows"/>
    <property name="sun.cpu.isalist" value="amd64"/>
  </properties>
  <testcase time="0.001" classname="com.etala.tr.DistributedFileProcessor.Output.DataLoadDistributorTest" name="testdistributeFileLoad"/>
  <testcase time="0" classname="com.etala.tr.DistributedFileProcessor.Output.DataLoadDistributorTest" name="testGetUncompressedTotalSize"/>
</testsuite>